  Render.cpp
  RetEngine.cpp
  Generating Code...
     Creating library X:\Workspace\Visual Studio Projects\UntitledGame\x64\Debug\UntitledGame.lib and object X:\Workspace\Visual Studio Projects\UntitledGame\x64\Debug\UntitledGame.exp
glfw3.lib(context.obj) : warning LNK4099: PDB 'glfw.pdb' was not found with 'glfw3.lib(context.obj)' or at 'X:\Workspace\Visual Studio Projects\UntitledGame\x64\Debug\glfw.pdb'; linking object as if no debug info
glfw3.lib(init.obj) : warning LNK4099: PDB 'glfw.pdb' was not found with 'glfw3.lib(init.obj)' or at 'X:\Workspace\Visual Studio Projects\UntitledGame\x64\Debug\glfw.pdb'; linking object as if no debug info
glfw3.lib(input.obj) : warning LNK4099: PDB 'glfw.pdb' was not found with 'glfw3.lib(input.obj)' or at 'X:\Workspace\Visual Studio Projects\UntitledGame\x64\Debug\glfw.pdb'; linking object as if no debug info
glfw3.lib(monitor.obj) : warning LNK4099: PDB 'glfw.pdb' was not found with 'glfw3.lib(monitor.obj)' or at 'X:\Workspace\Visual Studio Projects\UntitledGame\x64\Debug\glfw.pdb'; linking object as if no debug info
glfw3.lib(vulkan.obj) : warning LNK4099: PDB 'glfw.pdb' was not found with 'glfw3.lib(vulkan.obj)' or at 'X:\Workspace\Visual Studio Projects\UntitledGame\x64\Debug\glfw.pdb'; linking object as if no debug info
glfw3.lib(window.obj) : warning LNK4099: PDB 'glfw.pdb' was not found with 'glfw3.lib(window.obj)' or at 'X:\Workspace\Visual Studio Projects\UntitledGame\x64\Debug\glfw.pdb'; linking object as if no debug info
glfw3.lib(win32_init.obj) : warning LNK4099: PDB 'glfw.pdb' was not found with 'glfw3.lib(win32_init.obj)' or at 'X:\Workspace\Visual Studio Projects\UntitledGame\x64\Debug\glfw.pdb'; linking object as if no debug info
glfw3.lib(win32_joystick.obj) : warning LNK4099: PDB 'glfw.pdb' was not found with 'glfw3.lib(win32_joystick.obj)' or at 'X:\Workspace\Visual Studio Projects\UntitledGame\x64\Debug\glfw.pdb'; linking object as if no debug info
glfw3.lib(win32_monitor.obj) : warning LNK4099: PDB 'glfw.pdb' was not found with 'glfw3.lib(win32_monitor.obj)' or at 'X:\Workspace\Visual Studio Projects\UntitledGame\x64\Debug\glfw.pdb'; linking object as if no debug info
glfw3.lib(win32_time.obj) : warning LNK4099: PDB 'glfw.pdb' was not found with 'glfw3.lib(win32_time.obj)' or at 'X:\Workspace\Visual Studio Projects\UntitledGame\x64\Debug\glfw.pdb'; linking object as if no debug info
glfw3.lib(win32_thread.obj) : warning LNK4099: PDB 'glfw.pdb' was not found with 'glfw3.lib(win32_thread.obj)' or at 'X:\Workspace\Visual Studio Projects\UntitledGame\x64\Debug\glfw.pdb'; linking object as if no debug info
glfw3.lib(win32_window.obj) : warning LNK4099: PDB 'glfw.pdb' was not found with 'glfw3.lib(win32_window.obj)' or at 'X:\Workspace\Visual Studio Projects\UntitledGame\x64\Debug\glfw.pdb'; linking object as if no debug info
glfw3.lib(wgl_context.obj) : warning LNK4099: PDB 'glfw.pdb' was not found with 'glfw3.lib(wgl_context.obj)' or at 'X:\Workspace\Visual Studio Projects\UntitledGame\x64\Debug\glfw.pdb'; linking object as if no debug info
glfw3.lib(egl_context.obj) : warning LNK4099: PDB 'glfw.pdb' was not found with 'glfw3.lib(egl_context.obj)' or at 'X:\Workspace\Visual Studio Projects\UntitledGame\x64\Debug\glfw.pdb'; linking object as if no debug info
glfw3.lib(osmesa_context.obj) : warning LNK4099: PDB 'glfw.pdb' was not found with 'glfw3.lib(osmesa_context.obj)' or at 'X:\Workspace\Visual Studio Projects\UntitledGame\x64\Debug\glfw.pdb'; linking object as if no debug info
assimp-zlibstaticd.lib(adler32.obj) : warning LNK4099: PDB 'zlibstatic.pdb' was not found with 'assimp-zlibstaticd.lib(adler32.obj)' or at 'X:\Workspace\Visual Studio Projects\UntitledGame\x64\Debug\zlibstatic.pdb'; linking object as if no debug info
assimp-zlibstaticd.lib(crc32.obj) : warning LNK4099: PDB 'zlibstatic.pdb' was not found with 'assimp-zlibstaticd.lib(crc32.obj)' or at 'X:\Workspace\Visual Studio Projects\UntitledGame\x64\Debug\zlibstatic.pdb'; linking object as if no debug info
assimp-zlibstaticd.lib(inflate.obj) : warning LNK4099: PDB 'zlibstatic.pdb' was not found with 'assimp-zlibstaticd.lib(inflate.obj)' or at 'X:\Workspace\Visual Studio Projects\UntitledGame\x64\Debug\zlibstatic.pdb'; linking object as if no debug info
assimp-zlibstaticd.lib(inftrees.obj) : warning LNK4099: PDB 'zlibstatic.pdb' was not found with 'assimp-zlibstaticd.lib(inftrees.obj)' or at 'X:\Workspace\Visual Studio Projects\UntitledGame\x64\Debug\zlibstatic.pdb'; linking object as if no debug info
assimp-zlibstaticd.lib(inffast.obj) : warning LNK4099: PDB 'zlibstatic.pdb' was not found with 'assimp-zlibstaticd.lib(inffast.obj)' or at 'X:\Workspace\Visual Studio Projects\UntitledGame\x64\Debug\zlibstatic.pdb'; linking object as if no debug info
assimp-zlibstaticd.lib(uncompr.obj) : warning LNK4099: PDB 'zlibstatic.pdb' was not found with 'assimp-zlibstaticd.lib(uncompr.obj)' or at 'X:\Workspace\Visual Studio Projects\UntitledGame\x64\Debug\zlibstatic.pdb'; linking object as if no debug info
assimp-zlibstaticd.lib(zutil.obj) : warning LNK4099: PDB 'zlibstatic.pdb' was not found with 'assimp-zlibstaticd.lib(zutil.obj)' or at 'X:\Workspace\Visual Studio Projects\UntitledGame\x64\Debug\zlibstatic.pdb'; linking object as if no debug info
assimp-vc140-mtd.lib(BaseImporter.obj) : warning LNK4099: PDB 'assimp.pdb' was not found with 'assimp-vc140-mtd.lib(BaseImporter.obj)' or at 'X:\Workspace\Visual Studio Projects\UntitledGame\x64\Debug\assimp.pdb'; linking object as if no debug info
assimp-vc140-mtd.lib(BaseProcess.obj) : warning LNK4099: PDB 'assimp.pdb' was not found with 'assimp-vc140-mtd.lib(BaseProcess.obj)' or at 'X:\Workspace\Visual Studio Projects\UntitledGame\x64\Debug\assimp.pdb'; linking object as if no debug info
assimp-vc140-mtd.lib(PostStepRegistry.obj) : warning LNK4099: PDB 'assimp.pdb' was not found with 'assimp-vc140-mtd.lib(PostStepRegistry.obj)' or at 'X:\Workspace\Visual Studio Projects\UntitledGame\x64\Debug\assimp.pdb'; linking object as if no debug info
assimp-vc140-mtd.lib(ImporterRegistry.obj) : warning LNK4099: PDB 'assimp.pdb' was not found with 'assimp-vc140-mtd.lib(ImporterRegistry.obj)' or at 'X:\Workspace\Visual Studio Projects\UntitledGame\x64\Debug\assimp.pdb'; linking object as if no debug info
assimp-vc140-mtd.lib(DefaultIOStream.obj) : warning LNK4099: PDB 'assimp.pdb' was not found with 'assimp-vc140-mtd.lib(DefaultIOStream.obj)' or at 'X:\Workspace\Visual Studio Projects\UntitledGame\x64\Debug\assimp.pdb'; linking object as if no debug info
assimp-vc140-mtd.lib(DefaultIOSystem.obj) : warning LNK4099: PDB 'assimp.pdb' was not found with 'assimp-vc140-mtd.lib(DefaultIOSystem.obj)' or at 'X:\Workspace\Visual Studio Projects\UntitledGame\x64\Debug\assimp.pdb'; linking object as if no debug info
assimp-vc140-mtd.lib(Importer.obj) : warning LNK4099: PDB 'assimp.pdb' was not found with 'assimp-vc140-mtd.lib(Importer.obj)' or at 'X:\Workspace\Visual Studio Projects\UntitledGame\x64\Debug\assimp.pdb'; linking object as if no debug info
assimp-vc140-mtd.lib(SGSpatialSort.obj) : warning LNK4099: PDB 'assimp.pdb' was not found with 'assimp-vc140-mtd.lib(SGSpatialSort.obj)' or at 'X:\Workspace\Visual Studio Projects\UntitledGame\x64\Debug\assimp.pdb'; linking object as if no debug info
assimp-vc140-mtd.lib(VertexTriangleAdjacency.obj) : warning LNK4099: PDB 'assimp.pdb' was not found with 'assimp-vc140-mtd.lib(VertexTriangleAdjacency.obj)' or at 'X:\Workspace\Visual Studio Projects\UntitledGame\x64\Debug\assimp.pdb'; linking object as if no debug info
assimp-vc140-mtd.lib(SpatialSort.obj) : warning LNK4099: PDB 'assimp.pdb' was not found with 'assimp-vc140-mtd.lib(SpatialSort.obj)' or at 'X:\Workspace\Visual Studio Projects\UntitledGame\x64\Debug\assimp.pdb'; linking object as if no debug info
assimp-vc140-mtd.lib(SceneCombiner.obj) : warning LNK4099: PDB 'assimp.pdb' was not found with 'assimp-vc140-mtd.lib(SceneCombiner.obj)' or at 'X:\Workspace\Visual Studio Projects\UntitledGame\x64\Debug\assimp.pdb'; linking object as if no debug info
assimp-vc140-mtd.lib(ScenePreprocessor.obj) : warning LNK4099: PDB 'assimp.pdb' was not found with 'assimp-vc140-mtd.lib(ScenePreprocessor.obj)' or at 'X:\Workspace\Visual Studio Projects\UntitledGame\x64\Debug\assimp.pdb'; linking object as if no debug info
assimp-vc140-mtd.lib(SkeletonMeshBuilder.obj) : warning LNK4099: PDB 'assimp.pdb' was not found with 'assimp-vc140-mtd.lib(SkeletonMeshBuilder.obj)' or at 'X:\Workspace\Visual Studio Projects\UntitledGame\x64\Debug\assimp.pdb'; linking object as if no debug info
assimp-vc140-mtd.lib(SplitByBoneCountProcess.obj) : warning LNK4099: PDB 'assimp.pdb' was not found with 'assimp-vc140-mtd.lib(SplitByBoneCountProcess.obj)' or at 'X:\Workspace\Visual Studio Projects\UntitledGame\x64\Debug\assimp.pdb'; linking object as if no debug info
assimp-vc140-mtd.lib(StandardShapes.obj) : warning LNK4099: PDB 'assimp.pdb' was not found with 'assimp-vc140-mtd.lib(StandardShapes.obj)' or at 'X:\Workspace\Visual Studio Projects\UntitledGame\x64\Debug\assimp.pdb'; linking object as if no debug info
assimp-vc140-mtd.lib(RemoveComments.obj) : warning LNK4099: PDB 'assimp.pdb' was not found with 'assimp-vc140-mtd.lib(RemoveComments.obj)' or at 'X:\Workspace\Visual Studio Projects\UntitledGame\x64\Debug\assimp.pdb'; linking object as if no debug info
assimp-vc140-mtd.lib(Subdivision.obj) : warning LNK4099: PDB 'assimp.pdb' was not found with 'assimp-vc140-mtd.lib(Subdivision.obj)' or at 'X:\Workspace\Visual Studio Projects\UntitledGame\x64\Debug\assimp.pdb'; linking object as if no debug info
assimp-vc140-mtd.lib(Version.obj) : warning LNK4099: PDB 'assimp.pdb' was not found with 'assimp-vc140-mtd.lib(Version.obj)' or at 'X:\Workspace\Visual Studio Projects\UntitledGame\x64\Debug\assimp.pdb'; linking object as if no debug info
assimp-vc140-mtd.lib(DefaultLogger.obj) : warning LNK4099: PDB 'assimp.pdb' was not found with 'assimp-vc140-mtd.lib(DefaultLogger.obj)' or at 'X:\Workspace\Visual Studio Projects\UntitledGame\x64\Debug\assimp.pdb'; linking object as if no debug info
assimp-vc140-mtd.lib(CalcTangentsProcess.obj) : warning LNK4099: PDB 'assimp.pdb' was not found with 'assimp-vc140-mtd.lib(CalcTangentsProcess.obj)' or at 'X:\Workspace\Visual Studio Projects\UntitledGame\x64\Debug\assimp.pdb'; linking object as if no debug info
assimp-vc140-mtd.lib(ComputeUVMappingProcess.obj) : warning LNK4099: PDB 'assimp.pdb' was not found with 'assimp-vc140-mtd.lib(ComputeUVMappingProcess.obj)' or at 'X:\Workspace\Visual Studio Projects\UntitledGame\x64\Debug\assimp.pdb'; linking object as if no debug info
assimp-vc140-mtd.lib(ConvertToLHProcess.obj) : warning LNK4099: PDB 'assimp.pdb' was not found with 'assimp-vc140-mtd.lib(ConvertToLHProcess.obj)' or at 'X:\Workspace\Visual Studio Projects\UntitledGame\x64\Debug\assimp.pdb'; linking object as if no debug info
assimp-vc140-mtd.lib(FindDegenerates.obj) : warning LNK4099: PDB 'assimp.pdb' was not found with 'assimp-vc140-mtd.lib(FindDegenerates.obj)' or at 'X:\Workspace\Visual Studio Projects\UntitledGame\x64\Debug\assimp.pdb'; linking object as if no debug info
assimp-vc140-mtd.lib(FindInstancesProcess.obj) : warning LNK4099: PDB 'assimp.pdb' was not found with 'assimp-vc140-mtd.lib(FindInstancesProcess.obj)' or at 'X:\Workspace\Visual Studio Projects\UntitledGame\x64\Debug\assimp.pdb'; linking object as if no debug info
assimp-vc140-mtd.lib(FindInvalidDataProcess.obj) : warning LNK4099: PDB 'assimp.pdb' was not found with 'assimp-vc140-mtd.lib(FindInvalidDataProcess.obj)' or at 'X:\Workspace\Visual Studio Projects\UntitledGame\x64\Debug\assimp.pdb'; linking object as if no debug info
assimp-vc140-mtd.lib(FixNormalsStep.obj) : warning LNK4099: PDB 'assimp.pdb' was not found with 'assimp-vc140-mtd.lib(FixNormalsStep.obj)' or at 'X:\Workspace\Visual Studio Projects\UntitledGame\x64\Debug\assimp.pdb'; linking object as if no debug info
assimp-vc140-mtd.lib(GenFaceNormalsProcess.obj) : warning LNK4099: PDB 'assimp.pdb' was not found with 'assimp-vc140-mtd.lib(GenFaceNormalsProcess.obj)' or at 'X:\Workspace\Visual Studio Projects\UntitledGame\x64\Debug\assimp.pdb'; linking object as if no debug info
assimp-vc140-mtd.lib(GenVertexNormalsProcess.obj) : warning LNK4099: PDB 'assimp.pdb' was not found with 'assimp-vc140-mtd.lib(GenVertexNormalsProcess.obj)' or at 'X:\Workspace\Visual Studio Projects\UntitledGame\x64\Debug\assimp.pdb'; linking object as if no debug info
assimp-vc140-mtd.lib(PretransformVertices.obj) : warning LNK4099: PDB 'assimp.pdb' was not found with 'assimp-vc140-mtd.lib(PretransformVertices.obj)' or at 'X:\Workspace\Visual Studio Projects\UntitledGame\x64\Debug\assimp.pdb'; linking object as if no debug info
assimp-vc140-mtd.lib(ImproveCacheLocality.obj) : warning LNK4099: PDB 'assimp.pdb' was not found with 'assimp-vc140-mtd.lib(ImproveCacheLocality.obj)' or at 'X:\Workspace\Visual Studio Projects\UntitledGame\x64\Debug\assimp.pdb'; linking object as if no debug info
assimp-vc140-mtd.lib(JoinVerticesProcess.obj) : warning LNK4099: PDB 'assimp.pdb' was not found with 'assimp-vc140-mtd.lib(JoinVerticesProcess.obj)' or at 'X:\Workspace\Visual Studio Projects\UntitledGame\x64\Debug\assimp.pdb'; linking object as if no debug info
assimp-vc140-mtd.lib(LimitBoneWeightsProcess.obj) : warning LNK4099: PDB 'assimp.pdb' was not found with 'assimp-vc140-mtd.lib(LimitBoneWeightsProcess.obj)' or at 'X:\Workspace\Visual Studio Projects\UntitledGame\x64\Debug\assimp.pdb'; linking object as if no debug info
assimp-vc140-mtd.lib(RemoveRedundantMaterials.obj) : warning LNK4099: PDB 'assimp.pdb' was not found with 'assimp-vc140-mtd.lib(RemoveRedundantMaterials.obj)' or at 'X:\Workspace\Visual Studio Projects\UntitledGame\x64\Debug\assimp.pdb'; linking object as if no debug info
assimp-vc140-mtd.lib(RemoveVCProcess.obj) : warning LNK4099: PDB 'assimp.pdb' was not found with 'assimp-vc140-mtd.lib(RemoveVCProcess.obj)' or at 'X:\Workspace\Visual Studio Projects\UntitledGame\x64\Debug\assimp.pdb'; linking object as if no debug info
assimp-vc140-mtd.lib(SortByPTypeProcess.obj) : warning LNK4099: PDB 'assimp.pdb' was not found with 'assimp-vc140-mtd.lib(SortByPTypeProcess.obj)' or at 'X:\Workspace\Visual Studio Projects\UntitledGame\x64\Debug\assimp.pdb'; linking object as if no debug info
assimp-vc140-mtd.lib(SplitLargeMeshes.obj) : warning LNK4099: PDB 'assimp.pdb' was not found with 'assimp-vc140-mtd.lib(SplitLargeMeshes.obj)' or at 'X:\Workspace\Visual Studio Projects\UntitledGame\x64\Debug\assimp.pdb'; linking object as if no debug info
assimp-vc140-mtd.lib(TextureTransform.obj) : warning LNK4099: PDB 'assimp.pdb' was not found with 'assimp-vc140-mtd.lib(TextureTransform.obj)' or at 'X:\Workspace\Visual Studio Projects\UntitledGame\x64\Debug\assimp.pdb'; linking object as if no debug info
assimp-vc140-mtd.lib(TriangulateProcess.obj) : warning LNK4099: PDB 'assimp.pdb' was not found with 'assimp-vc140-mtd.lib(TriangulateProcess.obj)' or at 'X:\Workspace\Visual Studio Projects\UntitledGame\x64\Debug\assimp.pdb'; linking object as if no debug info
assimp-vc140-mtd.lib(ValidateDataStructure.obj) : warning LNK4099: PDB 'assimp.pdb' was not found with 'assimp-vc140-mtd.lib(ValidateDataStructure.obj)' or at 'X:\Workspace\Visual Studio Projects\UntitledGame\x64\Debug\assimp.pdb'; linking object as if no debug info
assimp-vc140-mtd.lib(OptimizeGraph.obj) : warning LNK4099: PDB 'assimp.pdb' was not found with 'assimp-vc140-mtd.lib(OptimizeGraph.obj)' or at 'X:\Workspace\Visual Studio Projects\UntitledGame\x64\Debug\assimp.pdb'; linking object as if no debug info
assimp-vc140-mtd.lib(OptimizeMeshes.obj) : warning LNK4099: PDB 'assimp.pdb' was not found with 'assimp-vc140-mtd.lib(OptimizeMeshes.obj)' or at 'X:\Workspace\Visual Studio Projects\UntitledGame\x64\Debug\assimp.pdb'; linking object as if no debug info
assimp-vc140-mtd.lib(DeboneProcess.obj) : warning LNK4099: PDB 'assimp.pdb' was not found with 'assimp-vc140-mtd.lib(DeboneProcess.obj)' or at 'X:\Workspace\Visual Studio Projects\UntitledGame\x64\Debug\assimp.pdb'; linking object as if no debug info
assimp-vc140-mtd.lib(ProcessHelper.obj) : warning LNK4099: PDB 'assimp.pdb' was not found with 'assimp-vc140-mtd.lib(ProcessHelper.obj)' or at 'X:\Workspace\Visual Studio Projects\UntitledGame\x64\Debug\assimp.pdb'; linking object as if no debug info
assimp-vc140-mtd.lib(MakeVerboseFormat.obj) : warning LNK4099: PDB 'assimp.pdb' was not found with 'assimp-vc140-mtd.lib(MakeVerboseFormat.obj)' or at 'X:\Workspace\Visual Studio Projects\UntitledGame\x64\Debug\assimp.pdb'; linking object as if no debug info
assimp-vc140-mtd.lib(MaterialSystem.obj) : warning LNK4099: PDB 'assimp.pdb' was not found with 'assimp-vc140-mtd.lib(MaterialSystem.obj)' or at 'X:\Workspace\Visual Studio Projects\UntitledGame\x64\Debug\assimp.pdb'; linking object as if no debug info
assimp-vc140-mtd.lib(3DSConverter.obj) : warning LNK4099: PDB 'assimp.pdb' was not found with 'assimp-vc140-mtd.lib(3DSConverter.obj)' or at 'X:\Workspace\Visual Studio Projects\UntitledGame\x64\Debug\assimp.pdb'; linking object as if no debug info
assimp-vc140-mtd.lib(3DSLoader.obj) : warning LNK4099: PDB 'assimp.pdb' was not found with 'assimp-vc140-mtd.lib(3DSLoader.obj)' or at 'X:\Workspace\Visual Studio Projects\UntitledGame\x64\Debug\assimp.pdb'; linking object as if no debug info
assimp-vc140-mtd.lib(ACLoader.obj) : warning LNK4099: PDB 'assimp.pdb' was not found with 'assimp-vc140-mtd.lib(ACLoader.obj)' or at 'X:\Workspace\Visual Studio Projects\UntitledGame\x64\Debug\assimp.pdb'; linking object as if no debug info
assimp-vc140-mtd.lib(ASELoader.obj) : warning LNK4099: PDB 'assimp.pdb' was not found with 'assimp-vc140-mtd.lib(ASELoader.obj)' or at 'X:\Workspace\Visual Studio Projects\UntitledGame\x64\Debug\assimp.pdb'; linking object as if no debug info
assimp-vc140-mtd.lib(ASEParser.obj) : warning LNK4099: PDB 'assimp.pdb' was not found with 'assimp-vc140-mtd.lib(ASEParser.obj)' or at 'X:\Workspace\Visual Studio Projects\UntitledGame\x64\Debug\assimp.pdb'; linking object as if no debug info
assimp-vc140-mtd.lib(AssbinLoader.obj) : warning LNK4099: PDB 'assimp.pdb' was not found with 'assimp-vc140-mtd.lib(AssbinLoader.obj)' or at 'X:\Workspace\Visual Studio Projects\UntitledGame\x64\Debug\assimp.pdb'; linking object as if no debug info
assimp-vc140-mtd.lib(B3DImporter.obj) : warning LNK4099: PDB 'assimp.pdb' was not found with 'assimp-vc140-mtd.lib(B3DImporter.obj)' or at 'X:\Workspace\Visual Studio Projects\UntitledGame\x64\Debug\assimp.pdb'; linking object as if no debug info
assimp-vc140-mtd.lib(BVHLoader.obj) : warning LNK4099: PDB 'assimp.pdb' was not found with 'assimp-vc140-mtd.lib(BVHLoader.obj)' or at 'X:\Workspace\Visual Studio Projects\UntitledGame\x64\Debug\assimp.pdb'; linking object as if no debug info
assimp-vc140-mtd.lib(ColladaLoader.obj) : warning LNK4099: PDB 'assimp.pdb' was not found with 'assimp-vc140-mtd.lib(ColladaLoader.obj)' or at 'X:\Workspace\Visual Studio Projects\UntitledGame\x64\Debug\assimp.pdb'; linking object as if no debug info
assimp-vc140-mtd.lib(ColladaParser.obj) : warning LNK4099: PDB 'assimp.pdb' was not found with 'assimp-vc140-mtd.lib(ColladaParser.obj)' or at 'X:\Workspace\Visual Studio Projects\UntitledGame\x64\Debug\assimp.pdb'; linking object as if no debug info
assimp-vc140-mtd.lib(DXFLoader.obj) : warning LNK4099: PDB 'assimp.pdb' was not found with 'assimp-vc140-mtd.lib(DXFLoader.obj)' or at 'X:\Workspace\Visual Studio Projects\UntitledGame\x64\Debug\assimp.pdb'; linking object as if no debug info
assimp-vc140-mtd.lib(CSMLoader.obj) : warning LNK4099: PDB 'assimp.pdb' was not found with 'assimp-vc140-mtd.lib(CSMLoader.obj)' or at 'X:\Workspace\Visual Studio Projects\UntitledGame\x64\Debug\assimp.pdb'; linking object as if no debug info
assimp-vc140-mtd.lib(HMPLoader.obj) : warning LNK4099: PDB 'assimp.pdb' was not found with 'assimp-vc140-mtd.lib(HMPLoader.obj)' or at 'X:\Workspace\Visual Studio Projects\UntitledGame\x64\Debug\assimp.pdb'; linking object as if no debug info
assimp-vc140-mtd.lib(IRRMeshLoader.obj) : warning LNK4099: PDB 'assimp.pdb' was not found with 'assimp-vc140-mtd.lib(IRRMeshLoader.obj)' or at 'X:\Workspace\Visual Studio Projects\UntitledGame\x64\Debug\assimp.pdb'; linking object as if no debug info
assimp-vc140-mtd.lib(IRRShared.obj) : warning LNK4099: PDB 'assimp.pdb' was not found with 'assimp-vc140-mtd.lib(IRRShared.obj)' or at 'X:\Workspace\Visual Studio Projects\UntitledGame\x64\Debug\assimp.pdb'; linking object as if no debug info
assimp-vc140-mtd.lib(IRRLoader.obj) : warning LNK4099: PDB 'assimp.pdb' was not found with 'assimp-vc140-mtd.lib(IRRLoader.obj)' or at 'X:\Workspace\Visual Studio Projects\UntitledGame\x64\Debug\assimp.pdb'; linking object as if no debug info
assimp-vc140-mtd.lib(LWOAnimation.obj) : warning LNK4099: PDB 'assimp.pdb' was not found with 'assimp-vc140-mtd.lib(LWOAnimation.obj)' or at 'X:\Workspace\Visual Studio Projects\UntitledGame\x64\Debug\assimp.pdb'; linking object as if no debug info
assimp-vc140-mtd.lib(LWOBLoader.obj) : warning LNK4099: PDB 'assimp.pdb' was not found with 'assimp-vc140-mtd.lib(LWOBLoader.obj)' or at 'X:\Workspace\Visual Studio Projects\UntitledGame\x64\Debug\assimp.pdb'; linking object as if no debug info
assimp-vc140-mtd.lib(LWOLoader.obj) : warning LNK4099: PDB 'assimp.pdb' was not found with 'assimp-vc140-mtd.lib(LWOLoader.obj)' or at 'X:\Workspace\Visual Studio Projects\UntitledGame\x64\Debug\assimp.pdb'; linking object as if no debug info
assimp-vc140-mtd.lib(LWOMaterial.obj) : warning LNK4099: PDB 'assimp.pdb' was not found with 'assimp-vc140-mtd.lib(LWOMaterial.obj)' or at 'X:\Workspace\Visual Studio Projects\UntitledGame\x64\Debug\assimp.pdb'; linking object as if no debug info
assimp-vc140-mtd.lib(LWSLoader.obj) : warning LNK4099: PDB 'assimp.pdb' was not found with 'assimp-vc140-mtd.lib(LWSLoader.obj)' or at 'X:\Workspace\Visual Studio Projects\UntitledGame\x64\Debug\assimp.pdb'; linking object as if no debug info
assimp-vc140-mtd.lib(MD2Loader.obj) : warning LNK4099: PDB 'assimp.pdb' was not found with 'assimp-vc140-mtd.lib(MD2Loader.obj)' or at 'X:\Workspace\Visual Studio Projects\UntitledGame\x64\Debug\assimp.pdb'; linking object as if no debug info
assimp-vc140-mtd.lib(MD3Loader.obj) : warning LNK4099: PDB 'assimp.pdb' was not found with 'assimp-vc140-mtd.lib(MD3Loader.obj)' or at 'X:\Workspace\Visual Studio Projects\UntitledGame\x64\Debug\assimp.pdb'; linking object as if no debug info
assimp-vc140-mtd.lib(MD5Loader.obj) : warning LNK4099: PDB 'assimp.pdb' was not found with 'assimp-vc140-mtd.lib(MD5Loader.obj)' or at 'X:\Workspace\Visual Studio Projects\UntitledGame\x64\Debug\assimp.pdb'; linking object as if no debug info
assimp-vc140-mtd.lib(MD5Parser.obj) : warning LNK4099: PDB 'assimp.pdb' was not found with 'assimp-vc140-mtd.lib(MD5Parser.obj)' or at 'X:\Workspace\Visual Studio Projects\UntitledGame\x64\Debug\assimp.pdb'; linking object as if no debug info
assimp-vc140-mtd.lib(MDCLoader.obj) : warning LNK4099: PDB 'assimp.pdb' was not found with 'assimp-vc140-mtd.lib(MDCLoader.obj)' or at 'X:\Workspace\Visual Studio Projects\UntitledGame\x64\Debug\assimp.pdb'; linking object as if no debug info
assimp-vc140-mtd.lib(MDLLoader.obj) : warning LNK4099: PDB 'assimp.pdb' was not found with 'assimp-vc140-mtd.lib(MDLLoader.obj)' or at 'X:\Workspace\Visual Studio Projects\UntitledGame\x64\Debug\assimp.pdb'; linking object as if no debug info
assimp-vc140-mtd.lib(MDLMaterialLoader.obj) : warning LNK4099: PDB 'assimp.pdb' was not found with 'assimp-vc140-mtd.lib(MDLMaterialLoader.obj)' or at 'X:\Workspace\Visual Studio Projects\UntitledGame\x64\Debug\assimp.pdb'; linking object as if no debug info
assimp-vc140-mtd.lib(NFFLoader.obj) : warning LNK4099: PDB 'assimp.pdb' was not found with 'assimp-vc140-mtd.lib(NFFLoader.obj)' or at 'X:\Workspace\Visual Studio Projects\UntitledGame\x64\Debug\assimp.pdb'; linking object as if no debug info
assimp-vc140-mtd.lib(NDOLoader.obj) : warning LNK4099: PDB 'assimp.pdb' was not found with 'assimp-vc140-mtd.lib(NDOLoader.obj)' or at 'X:\Workspace\Visual Studio Projects\UntitledGame\x64\Debug\assimp.pdb'; linking object as if no debug info
assimp-vc140-mtd.lib(OFFLoader.obj) : warning LNK4099: PDB 'assimp.pdb' was not found with 'assimp-vc140-mtd.lib(OFFLoader.obj)' or at 'X:\Workspace\Visual Studio Projects\UntitledGame\x64\Debug\assimp.pdb'; linking object as if no debug info
assimp-vc140-mtd.lib(ObjFileImporter.obj) : warning LNK4099: PDB 'assimp.pdb' was not found with 'assimp-vc140-mtd.lib(ObjFileImporter.obj)' or at 'X:\Workspace\Visual Studio Projects\UntitledGame\x64\Debug\assimp.pdb'; linking object as if no debug info
assimp-vc140-mtd.lib(ObjFileMtlImporter.obj) : warning LNK4099: PDB 'assimp.pdb' was not found with 'assimp-vc140-mtd.lib(ObjFileMtlImporter.obj)' or at 'X:\Workspace\Visual Studio Projects\UntitledGame\x64\Debug\assimp.pdb'; linking object as if no debug info
assimp-vc140-mtd.lib(ObjFileParser.obj) : warning LNK4099: PDB 'assimp.pdb' was not found with 'assimp-vc140-mtd.lib(ObjFileParser.obj)' or at 'X:\Workspace\Visual Studio Projects\UntitledGame\x64\Debug\assimp.pdb'; linking object as if no debug info
assimp-vc140-mtd.lib(OgreImporter.obj) : warning LNK4099: PDB 'assimp.pdb' was not found with 'assimp-vc140-mtd.lib(OgreImporter.obj)' or at 'X:\Workspace\Visual Studio Projects\UntitledGame\x64\Debug\assimp.pdb'; linking object as if no debug info
assimp-vc140-mtd.lib(OgreStructs.obj) : warning LNK4099: PDB 'assimp.pdb' was not found with 'assimp-vc140-mtd.lib(OgreStructs.obj)' or at 'X:\Workspace\Visual Studio Projects\UntitledGame\x64\Debug\assimp.pdb'; linking object as if no debug info
assimp-vc140-mtd.lib(OgreBinarySerializer.obj) : warning LNK4099: PDB 'assimp.pdb' was not found with 'assimp-vc140-mtd.lib(OgreBinarySerializer.obj)' or at 'X:\Workspace\Visual Studio Projects\UntitledGame\x64\Debug\assimp.pdb'; linking object as if no debug info
assimp-vc140-mtd.lib(OgreXmlSerializer.obj) : warning LNK4099: PDB 'assimp.pdb' was not found with 'assimp-vc140-mtd.lib(OgreXmlSerializer.obj)' or at 'X:\Workspace\Visual Studio Projects\UntitledGame\x64\Debug\assimp.pdb'; linking object as if no debug info
assimp-vc140-mtd.lib(OgreMaterial.obj) : warning LNK4099: PDB 'assimp.pdb' was not found with 'assimp-vc140-mtd.lib(OgreMaterial.obj)' or at 'X:\Workspace\Visual Studio Projects\UntitledGame\x64\Debug\assimp.pdb'; linking object as if no debug info
assimp-vc140-mtd.lib(OpenGEXImporter.obj) : warning LNK4099: PDB 'assimp.pdb' was not found with 'assimp-vc140-mtd.lib(OpenGEXImporter.obj)' or at 'X:\Workspace\Visual Studio Projects\UntitledGame\x64\Debug\assimp.pdb'; linking object as if no debug info
assimp-vc140-mtd.lib(PlyLoader.obj) : warning LNK4099: PDB 'assimp.pdb' was not found with 'assimp-vc140-mtd.lib(PlyLoader.obj)' or at 'X:\Workspace\Visual Studio Projects\UntitledGame\x64\Debug\assimp.pdb'; linking object as if no debug info
assimp-vc140-mtd.lib(PlyParser.obj) : warning LNK4099: PDB 'assimp.pdb' was not found with 'assimp-vc140-mtd.lib(PlyParser.obj)' or at 'X:\Workspace\Visual Studio Projects\UntitledGame\x64\Debug\assimp.pdb'; linking object as if no debug info
assimp-vc140-mtd.lib(MS3DLoader.obj) : warning LNK4099: PDB 'assimp.pdb' was not found with 'assimp-vc140-mtd.lib(MS3DLoader.obj)' or at 'X:\Workspace\Visual Studio Projects\UntitledGame\x64\Debug\assimp.pdb'; linking object as if no debug info
assimp-vc140-mtd.lib(COBLoader.obj) : warning LNK4099: PDB 'assimp.pdb' was not found with 'assimp-vc140-mtd.lib(COBLoader.obj)' or at 'X:\Workspace\Visual Studio Projects\UntitledGame\x64\Debug\assimp.pdb'; linking object as if no debug info
assimp-vc140-mtd.lib(BlenderLoader.obj) : warning LNK4099: PDB 'assimp.pdb' was not found with 'assimp-vc140-mtd.lib(BlenderLoader.obj)' or at 'X:\Workspace\Visual Studio Projects\UntitledGame\x64\Debug\assimp.pdb'; linking object as if no debug info
assimp-vc140-mtd.lib(BlenderDNA.obj) : warning LNK4099: PDB 'assimp.pdb' was not found with 'assimp-vc140-mtd.lib(BlenderDNA.obj)' or at 'X:\Workspace\Visual Studio Projects\UntitledGame\x64\Debug\assimp.pdb'; linking object as if no debug info
assimp-vc140-mtd.lib(BlenderScene.obj) : warning LNK4099: PDB 'assimp.pdb' was not found with 'assimp-vc140-mtd.lib(BlenderScene.obj)' or at 'X:\Workspace\Visual Studio Projects\UntitledGame\x64\Debug\assimp.pdb'; linking object as if no debug info
assimp-vc140-mtd.lib(BlenderModifier.obj) : warning LNK4099: PDB 'assimp.pdb' was not found with 'assimp-vc140-mtd.lib(BlenderModifier.obj)' or at 'X:\Workspace\Visual Studio Projects\UntitledGame\x64\Debug\assimp.pdb'; linking object as if no debug info
assimp-vc140-mtd.lib(IFCLoader.obj) : warning LNK4099: PDB 'assimp.pdb' was not found with 'assimp-vc140-mtd.lib(IFCLoader.obj)' or at 'X:\Workspace\Visual Studio Projects\UntitledGame\x64\Debug\assimp.pdb'; linking object as if no debug info
assimp-vc140-mtd.lib(IFCReaderGen.obj) : warning LNK4099: PDB 'assimp.pdb' was not found with 'assimp-vc140-mtd.lib(IFCReaderGen.obj)' or at 'X:\Workspace\Visual Studio Projects\UntitledGame\x64\Debug\assimp.pdb'; linking object as if no debug info
assimp-vc140-mtd.lib(IFCUtil.obj) : warning LNK4099: PDB 'assimp.pdb' was not found with 'assimp-vc140-mtd.lib(IFCUtil.obj)' or at 'X:\Workspace\Visual Studio Projects\UntitledGame\x64\Debug\assimp.pdb'; linking object as if no debug info
assimp-vc140-mtd.lib(IFCGeometry.obj) : warning LNK4099: PDB 'assimp.pdb' was not found with 'assimp-vc140-mtd.lib(IFCGeometry.obj)' or at 'X:\Workspace\Visual Studio Projects\UntitledGame\x64\Debug\assimp.pdb'; linking object as if no debug info
assimp-vc140-mtd.lib(IFCMaterial.obj) : warning LNK4099: PDB 'assimp.pdb' was not found with 'assimp-vc140-mtd.lib(IFCMaterial.obj)' or at 'X:\Workspace\Visual Studio Projects\UntitledGame\x64\Debug\assimp.pdb'; linking object as if no debug info
assimp-vc140-mtd.lib(IFCProfile.obj) : warning LNK4099: PDB 'assimp.pdb' was not found with 'assimp-vc140-mtd.lib(IFCProfile.obj)' or at 'X:\Workspace\Visual Studio Projects\UntitledGame\x64\Debug\assimp.pdb'; linking object as if no debug info
assimp-vc140-mtd.lib(IFCCurve.obj) : warning LNK4099: PDB 'assimp.pdb' was not found with 'assimp-vc140-mtd.lib(IFCCurve.obj)' or at 'X:\Workspace\Visual Studio Projects\UntitledGame\x64\Debug\assimp.pdb'; linking object as if no debug info
assimp-vc140-mtd.lib(IFCBoolean.obj) : warning LNK4099: PDB 'assimp.pdb' was not found with 'assimp-vc140-mtd.lib(IFCBoolean.obj)' or at 'X:\Workspace\Visual Studio Projects\UntitledGame\x64\Debug\assimp.pdb'; linking object as if no debug info
assimp-vc140-mtd.lib(IFCOpenings.obj) : warning LNK4099: PDB 'assimp.pdb' was not found with 'assimp-vc140-mtd.lib(IFCOpenings.obj)' or at 'X:\Workspace\Visual Studio Projects\UntitledGame\x64\Debug\assimp.pdb'; linking object as if no debug info
assimp-vc140-mtd.lib(STEPFileReader.obj) : warning LNK4099: PDB 'assimp.pdb' was not found with 'assimp-vc140-mtd.lib(STEPFileReader.obj)' or at 'X:\Workspace\Visual Studio Projects\UntitledGame\x64\Debug\assimp.pdb'; linking object as if no debug info
assimp-vc140-mtd.lib(STEPFileEncoding.obj) : warning LNK4099: PDB 'assimp.pdb' was not found with 'assimp-vc140-mtd.lib(STEPFileEncoding.obj)' or at 'X:\Workspace\Visual Studio Projects\UntitledGame\x64\Debug\assimp.pdb'; linking object as if no debug info
assimp-vc140-mtd.lib(XGLLoader.obj) : warning LNK4099: PDB 'assimp.pdb' was not found with 'assimp-vc140-mtd.lib(XGLLoader.obj)' or at 'X:\Workspace\Visual Studio Projects\UntitledGame\x64\Debug\assimp.pdb'; linking object as if no debug info
assimp-vc140-mtd.lib(FBXImporter.obj) : warning LNK4099: PDB 'assimp.pdb' was not found with 'assimp-vc140-mtd.lib(FBXImporter.obj)' or at 'X:\Workspace\Visual Studio Projects\UntitledGame\x64\Debug\assimp.pdb'; linking object as if no debug info
assimp-vc140-mtd.lib(FBXParser.obj) : warning LNK4099: PDB 'assimp.pdb' was not found with 'assimp-vc140-mtd.lib(FBXParser.obj)' or at 'X:\Workspace\Visual Studio Projects\UntitledGame\x64\Debug\assimp.pdb'; linking object as if no debug info
assimp-vc140-mtd.lib(FBXTokenizer.obj) : warning LNK4099: PDB 'assimp.pdb' was not found with 'assimp-vc140-mtd.lib(FBXTokenizer.obj)' or at 'X:\Workspace\Visual Studio Projects\UntitledGame\x64\Debug\assimp.pdb'; linking object as if no debug info
assimp-vc140-mtd.lib(FBXConverter.obj) : warning LNK4099: PDB 'assimp.pdb' was not found with 'assimp-vc140-mtd.lib(FBXConverter.obj)' or at 'X:\Workspace\Visual Studio Projects\UntitledGame\x64\Debug\assimp.pdb'; linking object as if no debug info
assimp-vc140-mtd.lib(FBXUtil.obj) : warning LNK4099: PDB 'assimp.pdb' was not found with 'assimp-vc140-mtd.lib(FBXUtil.obj)' or at 'X:\Workspace\Visual Studio Projects\UntitledGame\x64\Debug\assimp.pdb'; linking object as if no debug info
assimp-vc140-mtd.lib(FBXDocument.obj) : warning LNK4099: PDB 'assimp.pdb' was not found with 'assimp-vc140-mtd.lib(FBXDocument.obj)' or at 'X:\Workspace\Visual Studio Projects\UntitledGame\x64\Debug\assimp.pdb'; linking object as if no debug info
assimp-vc140-mtd.lib(FBXProperties.obj) : warning LNK4099: PDB 'assimp.pdb' was not found with 'assimp-vc140-mtd.lib(FBXProperties.obj)' or at 'X:\Workspace\Visual Studio Projects\UntitledGame\x64\Debug\assimp.pdb'; linking object as if no debug info
assimp-vc140-mtd.lib(FBXMeshGeometry.obj) : warning LNK4099: PDB 'assimp.pdb' was not found with 'assimp-vc140-mtd.lib(FBXMeshGeometry.obj)' or at 'X:\Workspace\Visual Studio Projects\UntitledGame\x64\Debug\assimp.pdb'; linking object as if no debug info
assimp-vc140-mtd.lib(FBXMaterial.obj) : warning LNK4099: PDB 'assimp.pdb' was not found with 'assimp-vc140-mtd.lib(FBXMaterial.obj)' or at 'X:\Workspace\Visual Studio Projects\UntitledGame\x64\Debug\assimp.pdb'; linking object as if no debug info
assimp-vc140-mtd.lib(FBXModel.obj) : warning LNK4099: PDB 'assimp.pdb' was not found with 'assimp-vc140-mtd.lib(FBXModel.obj)' or at 'X:\Workspace\Visual Studio Projects\UntitledGame\x64\Debug\assimp.pdb'; linking object as if no debug info
assimp-vc140-mtd.lib(FBXAnimation.obj) : warning LNK4099: PDB 'assimp.pdb' was not found with 'assimp-vc140-mtd.lib(FBXAnimation.obj)' or at 'X:\Workspace\Visual Studio Projects\UntitledGame\x64\Debug\assimp.pdb'; linking object as if no debug info
assimp-vc140-mtd.lib(FBXNodeAttribute.obj) : warning LNK4099: PDB 'assimp.pdb' was not found with 'assimp-vc140-mtd.lib(FBXNodeAttribute.obj)' or at 'X:\Workspace\Visual Studio Projects\UntitledGame\x64\Debug\assimp.pdb'; linking object as if no debug info
assimp-vc140-mtd.lib(FBXDeformer.obj) : warning LNK4099: PDB 'assimp.pdb' was not found with 'assimp-vc140-mtd.lib(FBXDeformer.obj)' or at 'X:\Workspace\Visual Studio Projects\UntitledGame\x64\Debug\assimp.pdb'; linking object as if no debug info
assimp-vc140-mtd.lib(FBXBinaryTokenizer.obj) : warning LNK4099: PDB 'assimp.pdb' was not found with 'assimp-vc140-mtd.lib(FBXBinaryTokenizer.obj)' or at 'X:\Workspace\Visual Studio Projects\UntitledGame\x64\Debug\assimp.pdb'; linking object as if no debug info
assimp-vc140-mtd.lib(FBXDocumentUtil.obj) : warning LNK4099: PDB 'assimp.pdb' was not found with 'assimp-vc140-mtd.lib(FBXDocumentUtil.obj)' or at 'X:\Workspace\Visual Studio Projects\UntitledGame\x64\Debug\assimp.pdb'; linking object as if no debug info
assimp-vc140-mtd.lib(Q3DLoader.obj) : warning LNK4099: PDB 'assimp.pdb' was not found with 'assimp-vc140-mtd.lib(Q3DLoader.obj)' or at 'X:\Workspace\Visual Studio Projects\UntitledGame\x64\Debug\assimp.pdb'; linking object as if no debug info
assimp-vc140-mtd.lib(Q3BSPFileParser.obj) : warning LNK4099: PDB 'assimp.pdb' was not found with 'assimp-vc140-mtd.lib(Q3BSPFileParser.obj)' or at 'X:\Workspace\Visual Studio Projects\UntitledGame\x64\Debug\assimp.pdb'; linking object as if no debug info
assimp-vc140-mtd.lib(Q3BSPFileImporter.obj) : warning LNK4099: PDB 'assimp.pdb' was not found with 'assimp-vc140-mtd.lib(Q3BSPFileImporter.obj)' or at 'X:\Workspace\Visual Studio Projects\UntitledGame\x64\Debug\assimp.pdb'; linking object as if no debug info
assimp-vc140-mtd.lib(Q3BSPZipArchive.obj) : warning LNK4099: PDB 'assimp.pdb' was not found with 'assimp-vc140-mtd.lib(Q3BSPZipArchive.obj)' or at 'X:\Workspace\Visual Studio Projects\UntitledGame\x64\Debug\assimp.pdb'; linking object as if no debug info
assimp-vc140-mtd.lib(RawLoader.obj) : warning LNK4099: PDB 'assimp.pdb' was not found with 'assimp-vc140-mtd.lib(RawLoader.obj)' or at 'X:\Workspace\Visual Studio Projects\UntitledGame\x64\Debug\assimp.pdb'; linking object as if no debug info
assimp-vc140-mtd.lib(SIBImporter.obj) : warning LNK4099: PDB 'assimp.pdb' was not found with 'assimp-vc140-mtd.lib(SIBImporter.obj)' or at 'X:\Workspace\Visual Studio Projects\UntitledGame\x64\Debug\assimp.pdb'; linking object as if no debug info
assimp-vc140-mtd.lib(SMDLoader.obj) : warning LNK4099: PDB 'assimp.pdb' was not found with 'assimp-vc140-mtd.lib(SMDLoader.obj)' or at 'X:\Workspace\Visual Studio Projects\UntitledGame\x64\Debug\assimp.pdb'; linking object as if no debug info
assimp-vc140-mtd.lib(STLLoader.obj) : warning LNK4099: PDB 'assimp.pdb' was not found with 'assimp-vc140-mtd.lib(STLLoader.obj)' or at 'X:\Workspace\Visual Studio Projects\UntitledGame\x64\Debug\assimp.pdb'; linking object as if no debug info
assimp-vc140-mtd.lib(TerragenLoader.obj) : warning LNK4099: PDB 'assimp.pdb' was not found with 'assimp-vc140-mtd.lib(TerragenLoader.obj)' or at 'X:\Workspace\Visual Studio Projects\UntitledGame\x64\Debug\assimp.pdb'; linking object as if no debug info
assimp-vc140-mtd.lib(UnrealLoader.obj) : warning LNK4099: PDB 'assimp.pdb' was not found with 'assimp-vc140-mtd.lib(UnrealLoader.obj)' or at 'X:\Workspace\Visual Studio Projects\UntitledGame\x64\Debug\assimp.pdb'; linking object as if no debug info
assimp-vc140-mtd.lib(XFileImporter.obj) : warning LNK4099: PDB 'assimp.pdb' was not found with 'assimp-vc140-mtd.lib(XFileImporter.obj)' or at 'X:\Workspace\Visual Studio Projects\UntitledGame\x64\Debug\assimp.pdb'; linking object as if no debug info
assimp-vc140-mtd.lib(XFileParser.obj) : warning LNK4099: PDB 'assimp.pdb' was not found with 'assimp-vc140-mtd.lib(XFileParser.obj)' or at 'X:\Workspace\Visual Studio Projects\UntitledGame\x64\Debug\assimp.pdb'; linking object as if no debug info
assimp-vc140-mtd.lib(glTFImporter.obj) : warning LNK4099: PDB 'assimp.pdb' was not found with 'assimp-vc140-mtd.lib(glTFImporter.obj)' or at 'X:\Workspace\Visual Studio Projects\UntitledGame\x64\Debug\assimp.pdb'; linking object as if no debug info
assimp-vc140-mtd.lib(D3MFImporter.obj) : warning LNK4099: PDB 'assimp.pdb' was not found with 'assimp-vc140-mtd.lib(D3MFImporter.obj)' or at 'X:\Workspace\Visual Studio Projects\UntitledGame\x64\Debug\assimp.pdb'; linking object as if no debug info
assimp-vc140-mtd.lib(D3MFOpcPackage.obj) : warning LNK4099: PDB 'assimp.pdb' was not found with 'assimp-vc140-mtd.lib(D3MFOpcPackage.obj)' or at 'X:\Workspace\Visual Studio Projects\UntitledGame\x64\Debug\assimp.pdb'; linking object as if no debug info
assimp-vc140-mtd.lib(irrXML.obj) : warning LNK4099: PDB 'assimp.pdb' was not found with 'assimp-vc140-mtd.lib(irrXML.obj)' or at 'X:\Workspace\Visual Studio Projects\UntitledGame\x64\Debug\assimp.pdb'; linking object as if no debug info
assimp-vc140-mtd.lib(ConvertUTF.obj) : warning LNK4099: PDB 'assimp.pdb' was not found with 'assimp-vc140-mtd.lib(ConvertUTF.obj)' or at 'X:\Workspace\Visual Studio Projects\UntitledGame\x64\Debug\assimp.pdb'; linking object as if no debug info
assimp-vc140-mtd.lib(ioapi.obj) : warning LNK4099: PDB 'assimp.pdb' was not found with 'assimp-vc140-mtd.lib(ioapi.obj)' or at 'X:\Workspace\Visual Studio Projects\UntitledGame\x64\Debug\assimp.pdb'; linking object as if no debug info
assimp-vc140-mtd.lib(unzip.obj) : warning LNK4099: PDB 'assimp.pdb' was not found with 'assimp-vc140-mtd.lib(unzip.obj)' or at 'X:\Workspace\Visual Studio Projects\UntitledGame\x64\Debug\assimp.pdb'; linking object as if no debug info
assimp-vc140-mtd.lib(shapes.obj) : warning LNK4099: PDB 'assimp.pdb' was not found with 'assimp-vc140-mtd.lib(shapes.obj)' or at 'X:\Workspace\Visual Studio Projects\UntitledGame\x64\Debug\assimp.pdb'; linking object as if no debug info
assimp-vc140-mtd.lib(advancing_front.obj) : warning LNK4099: PDB 'assimp.pdb' was not found with 'assimp-vc140-mtd.lib(advancing_front.obj)' or at 'X:\Workspace\Visual Studio Projects\UntitledGame\x64\Debug\assimp.pdb'; linking object as if no debug info
assimp-vc140-mtd.lib(cdt.obj) : warning LNK4099: PDB 'assimp.pdb' was not found with 'assimp-vc140-mtd.lib(cdt.obj)' or at 'X:\Workspace\Visual Studio Projects\UntitledGame\x64\Debug\assimp.pdb'; linking object as if no debug info
assimp-vc140-mtd.lib(sweep.obj) : warning LNK4099: PDB 'assimp.pdb' was not found with 'assimp-vc140-mtd.lib(sweep.obj)' or at 'X:\Workspace\Visual Studio Projects\UntitledGame\x64\Debug\assimp.pdb'; linking object as if no debug info
assimp-vc140-mtd.lib(sweep_context.obj) : warning LNK4099: PDB 'assimp.pdb' was not found with 'assimp-vc140-mtd.lib(sweep_context.obj)' or at 'X:\Workspace\Visual Studio Projects\UntitledGame\x64\Debug\assimp.pdb'; linking object as if no debug info
assimp-vc140-mtd.lib(clipper.obj) : warning LNK4099: PDB 'assimp.pdb' was not found with 'assimp-vc140-mtd.lib(clipper.obj)' or at 'X:\Workspace\Visual Studio Projects\UntitledGame\x64\Debug\assimp.pdb'; linking object as if no debug info
assimp-vc140-mtd.lib(OpenDDLParser.obj) : warning LNK4099: PDB 'assimp.pdb' was not found with 'assimp-vc140-mtd.lib(OpenDDLParser.obj)' or at 'X:\Workspace\Visual Studio Projects\UntitledGame\x64\Debug\assimp.pdb'; linking object as if no debug info
assimp-vc140-mtd.lib(DDLNode.obj) : warning LNK4099: PDB 'assimp.pdb' was not found with 'assimp-vc140-mtd.lib(DDLNode.obj)' or at 'X:\Workspace\Visual Studio Projects\UntitledGame\x64\Debug\assimp.pdb'; linking object as if no debug info
assimp-vc140-mtd.lib(OpenDDLCommon.obj) : warning LNK4099: PDB 'assimp.pdb' was not found with 'assimp-vc140-mtd.lib(OpenDDLCommon.obj)' or at 'X:\Workspace\Visual Studio Projects\UntitledGame\x64\Debug\assimp.pdb'; linking object as if no debug info
assimp-vc140-mtd.lib(OpenDDLExport.obj) : warning LNK4099: PDB 'assimp.pdb' was not found with 'assimp-vc140-mtd.lib(OpenDDLExport.obj)' or at 'X:\Workspace\Visual Studio Projects\UntitledGame\x64\Debug\assimp.pdb'; linking object as if no debug info
assimp-vc140-mtd.lib(Value.obj) : warning LNK4099: PDB 'assimp.pdb' was not found with 'assimp-vc140-mtd.lib(Value.obj)' or at 'X:\Workspace\Visual Studio Projects\UntitledGame\x64\Debug\assimp.pdb'; linking object as if no debug info
  UntitledGame.vcxproj -> X:\Workspace\Visual Studio Projects\UntitledGame\x64\Debug\UntitledGame.exe
